{"level":"info","message":"Request received","method":"GET","timestamp":"2023-05-05T09:22:41.412Z","url":"/get"}
{"level":"info","message":"Response Sent","responseTime":35,"status":304,"timestamp":"2023-05-05T09:22:41.449Z"}
{"level":"info","message":"Request received","method":"GET","timestamp":"2023-05-05T09:24:12.921Z","url":"/get"}
{"level":"info","message":"Response Sent","responseTime":60,"status":304,"timestamp":"2023-05-05T09:24:12.986Z"}
{"level":"info","message":"Request received","method":"GET","timestamp":"2023-05-05T09:30:51.010Z","url":"/get"}
{"level":"info","message":"Response Sent","responseTime":35,"status":304,"timestamp":"2023-05-05T09:30:51.047Z"}
{"level":"info","message":"Request received","method":"GET","timestamp":"2023-05-05T09:40:41.768Z","url":"/get"}
{"level":"info","message":"Response Sent","responseTime":120,"status":304,"timestamp":"2023-05-05T09:40:41.891Z"}
{"level":"info","message":"Request received","method":"GET","timestamp":"2023-05-05T09:41:36.229Z","url":"/getById/5"}
{"level":"info","message":"Response Sent","responseTime":137,"status":304,"timestamp":"2023-05-05T09:41:36.366Z"}
{"level":"info","message":"Request received","method":"POST","timestamp":"2023-05-05T09:41:40.183Z","url":"/update/5"}
{"level":"info","message":"Response Sent","responseTime":313,"status":200,"timestamp":"2023-05-05T09:41:40.498Z"}
{"level":"info","message":"Request received","method":"GET","timestamp":"2023-05-05T09:41:40.621Z","url":"/get"}
{"level":"info","message":"Response Sent","responseTime":4,"status":304,"timestamp":"2023-05-05T09:41:40.626Z"}
{"level":"info","message":"Request received","method":"GET","timestamp":"2023-05-05T09:41:43.999Z","url":"/getById/3"}
{"level":"info","message":"Response Sent","responseTime":5,"status":200,"timestamp":"2023-05-05T09:41:44.005Z"}
{"level":"info","message":"Request received","method":"GET","timestamp":"2023-05-05T09:41:45.559Z","url":"/get"}
{"level":"info","message":"Response Sent","responseTime":5,"status":304,"timestamp":"2023-05-05T09:41:45.564Z"}
{"level":"info","message":"Request received","method":"POST","timestamp":"2023-05-05T09:41:50.521Z","url":"/search"}
{"level":"info","message":"Response Sent","responseTime":5,"status":200,"timestamp":"2023-05-05T09:41:50.531Z"}
{"level":"info","message":"Request received","method":"POST","timestamp":"2023-05-05T09:41:55.681Z","url":"/search"}
{"level":"info","message":"Response Sent","responseTime":10,"status":200,"timestamp":"2023-05-05T09:41:55.693Z"}
{"level":"info","message":"Request received","method":"POST","timestamp":"2023-05-05T09:42:01.319Z","url":"/search"}
{"level":"info","message":"Response Sent","responseTime":5,"status":200,"timestamp":"2023-05-05T09:42:01.330Z"}
{"level":"info","message":"Request received","method":"POST","timestamp":"2023-05-05T09:42:53.563Z","url":"/"}
{"level":"info","message":"Response Sent","responseTime":494,"status":200,"timestamp":"2023-05-05T09:42:54.065Z"}
{"level":"info","message":"Request received","method":"GET","timestamp":"2023-05-05T09:42:54.138Z","url":"/get"}
{"level":"info","message":"Response Sent","responseTime":3,"status":200,"timestamp":"2023-05-05T09:42:54.142Z"}
{"level":"info","message":"Request received","method":"GET","timestamp":"2023-05-05T09:44:10.967Z","url":"/get"}
{"level":"info","message":"Response Sent","responseTime":4,"status":304,"timestamp":"2023-05-05T09:44:10.971Z"}
{"level":"info","message":"Request received","method":"GET","timestamp":"2023-05-05T09:44:45.646Z","url":"/get"}
{"level":"info","message":"Response Sent","responseTime":4,"status":304,"timestamp":"2023-05-05T09:44:45.650Z"}
{"level":"info","message":"Request received","method":"GET","timestamp":"2023-05-05T09:45:16.033Z","url":"/get"}
{"level":"info","message":"Response Sent","responseTime":4,"status":304,"timestamp":"2023-05-05T09:45:16.038Z"}
{"level":"info","message":"Request received","method":"GET","timestamp":"2023-05-05T09:45:39.121Z","url":"/get"}
{"level":"info","message":"Response Sent","responseTime":5,"status":304,"timestamp":"2023-05-05T09:45:39.126Z"}
{"level":"info","message":"Request received","method":"GET","timestamp":"2023-05-05T09:47:01.780Z","url":"/get"}
{"level":"info","message":"Response Sent","responseTime":13,"status":304,"timestamp":"2023-05-05T09:47:01.794Z"}
{"level":"info","message":"Request received","method":"GET","timestamp":"2023-05-05T09:53:36.808Z","url":"/get"}
{"level":"info","message":"Response Sent","responseTime":24,"status":304,"timestamp":"2023-05-05T09:53:36.833Z"}
{"level":"info","message":"Request received","method":"GET","timestamp":"2023-05-05T09:54:12.968Z","url":"/get"}
{"level":"info","message":"Response Sent","responseTime":18,"status":304,"timestamp":"2023-05-05T09:54:12.989Z"}
{"level":"info","message":"Request received","method":"GET","timestamp":"2023-05-05T09:56:08.728Z","url":"/get"}
{"level":"info","message":"Response Sent","responseTime":8,"status":304,"timestamp":"2023-05-05T09:56:08.737Z"}
{"level":"info","message":"Request received","method":"GET","timestamp":"2023-05-05T09:56:14.125Z","url":"/get"}
{"level":"info","message":"Response Sent","responseTime":26,"status":304,"timestamp":"2023-05-05T09:56:14.153Z"}
{"level":"info","message":"Request received","method":"POST","timestamp":"2023-05-05T09:57:54.830Z","url":"/"}
{"level":"info","message":"Response Sent","responseTime":197,"status":200,"timestamp":"2023-05-05T09:57:55.030Z"}
{"level":"info","message":"Request received","method":"GET","timestamp":"2023-05-05T09:57:55.133Z","url":"/get"}
{"level":"info","message":"Response Sent","responseTime":11,"status":200,"timestamp":"2023-05-05T09:57:55.144Z"}
{"level":"info","message":"Request received","method":"POST","timestamp":"2023-05-05T09:58:07.798Z","url":"/search"}
{"level":"info","message":"Response Sent","responseTime":17,"status":200,"timestamp":"2023-05-05T09:58:07.818Z"}
{"level":"info","message":"Request received","method":"POST","timestamp":"2023-05-05T09:58:10.781Z","url":"/search"}
{"level":"info","message":"Response Sent","responseTime":13,"status":200,"timestamp":"2023-05-05T09:58:10.796Z"}
{"level":"info","message":"Request received","method":"POST","timestamp":"2023-05-05T09:58:33.111Z","url":"/search"}
{"level":"info","message":"Response Sent","responseTime":5,"status":200,"timestamp":"2023-05-05T09:58:33.116Z"}
{"level":"info","message":"Request received","method":"POST","timestamp":"2023-05-05T09:58:37.185Z","url":"/search"}
{"level":"info","message":"Response Sent","responseTime":16,"status":200,"timestamp":"2023-05-05T09:58:37.205Z"}
{"level":"info","message":"Request received","method":"GET","timestamp":"2023-05-05T09:58:47.723Z","url":"/getById/2"}
{"level":"info","message":"Response Sent","responseTime":10,"status":304,"timestamp":"2023-05-05T09:58:47.736Z"}
{"level":"info","message":"Request received","method":"POST","timestamp":"2023-05-05T09:58:59.231Z","url":"/update/2"}
{"level":"info","message":"Response Sent","responseTime":198,"status":200,"timestamp":"2023-05-05T09:58:59.432Z"}
{"level":"info","message":"Request received","method":"GET","timestamp":"2023-05-05T09:58:59.523Z","url":"/get"}
{"level":"info","message":"Response Sent","responseTime":4,"status":200,"timestamp":"2023-05-05T09:58:59.529Z"}
{"level":"info","message":"Request received","method":"POST","timestamp":"2023-05-05T09:59:03.965Z","url":"/search"}
{"level":"info","message":"Response Sent","responseTime":6,"status":200,"timestamp":"2023-05-05T09:59:03.971Z"}
{"level":"info","message":"Request received","method":"POST","timestamp":"2023-05-05T09:59:04.658Z","url":"/search"}
{"level":"info","message":"Response Sent","responseTime":7,"status":200,"timestamp":"2023-05-05T09:59:04.666Z"}
{"level":"info","message":"Request received","method":"POST","timestamp":"2023-05-05T09:59:05.026Z","url":"/search"}
{"level":"info","message":"Response Sent","responseTime":14,"status":200,"timestamp":"2023-05-05T09:59:05.041Z"}
{"level":"info","message":"Request received","method":"POST","timestamp":"2023-05-05T09:59:05.222Z","url":"/search"}
{"level":"info","message":"Response Sent","responseTime":7,"status":200,"timestamp":"2023-05-05T09:59:05.230Z"}
{"level":"info","message":"Request received","method":"POST","timestamp":"2023-05-05T09:59:05.951Z","url":"/search"}
{"level":"info","message":"Response Sent","responseTime":10,"status":200,"timestamp":"2023-05-05T09:59:05.962Z"}
{"level":"info","message":"Request received","method":"POST","timestamp":"2023-05-05T09:59:06.745Z","url":"/search"}
{"level":"info","message":"Response Sent","responseTime":7,"status":200,"timestamp":"2023-05-05T09:59:06.754Z"}
{"level":"info","message":"Request received","method":"POST","timestamp":"2023-05-05T09:59:07.777Z","url":"/search"}
{"level":"info","message":"Response Sent","responseTime":9,"status":200,"timestamp":"2023-05-05T09:59:07.787Z"}
{"level":"info","message":"Request received","method":"GET","timestamp":"2023-05-05T10:06:33.403Z","url":"/get"}
{"level":"info","message":"Response Sent","responseTime":13,"status":304,"timestamp":"2023-05-05T10:06:33.417Z"}
{"level":"info","message":"Request received","method":"POST","timestamp":"2023-05-05T10:06:51.534Z","url":"/search"}
{"level":"info","message":"Response Sent","responseTime":5,"status":200,"timestamp":"2023-05-05T10:06:51.540Z"}
{"level":"info","message":"Request received","method":"GET","timestamp":"2023-05-05T10:07:11.930Z","url":"/get"}
{"level":"info","message":"Response Sent","responseTime":4,"status":304,"timestamp":"2023-05-05T10:07:11.934Z"}
{"level":"info","message":"Request received","method":"POST","timestamp":"2023-05-05T10:07:20.890Z","url":"/search"}
{"level":"info","message":"Response Sent","responseTime":8,"status":200,"timestamp":"2023-05-05T10:07:20.899Z"}
{"level":"info","message":"Request received","method":"GET","timestamp":"2023-05-05T10:07:33.027Z","url":"/get"}
{"level":"info","message":"Response Sent","responseTime":2,"status":304,"timestamp":"2023-05-05T10:07:33.029Z"}
{"level":"info","message":"Request received","method":"POST","timestamp":"2023-05-05T10:07:38.895Z","url":"/search"}
{"level":"info","message":"Response Sent","responseTime":7,"status":200,"timestamp":"2023-05-05T10:07:38.903Z"}
{"level":"info","message":"Request received","method":"POST","timestamp":"2023-05-05T10:07:49.669Z","url":"/search"}
{"level":"info","message":"Response Sent","responseTime":5,"status":200,"timestamp":"2023-05-05T10:07:49.675Z"}
{"level":"info","message":"Request received","method":"POST","timestamp":"2023-05-05T10:07:50.672Z","url":"/search"}
{"level":"info","message":"Response Sent","responseTime":4,"status":200,"timestamp":"2023-05-05T10:07:50.676Z"}
{"level":"info","message":"Request received","method":"POST","timestamp":"2023-05-05T10:08:45.808Z","url":"/search"}
{"level":"info","message":"Response Sent","responseTime":6,"status":200,"timestamp":"2023-05-05T10:08:45.814Z"}
{"level":"info","message":"Request received","method":"POST","timestamp":"2023-05-05T10:08:48.020Z","url":"/search"}
{"level":"info","message":"Response Sent","responseTime":7,"status":200,"timestamp":"2023-05-05T10:08:48.027Z"}
{"level":"info","message":"Request received","method":"POST","timestamp":"2023-05-05T10:08:50.827Z","url":"/search"}
{"level":"info","message":"Response Sent","responseTime":5,"status":200,"timestamp":"2023-05-05T10:08:50.834Z"}
{"level":"info","message":"Request received","method":"POST","timestamp":"2023-05-05T10:09:03.950Z","url":"/search"}
{"level":"info","message":"Response Sent","responseTime":2,"status":200,"timestamp":"2023-05-05T10:09:03.952Z"}
{"level":"info","message":"Request received","method":"POST","timestamp":"2023-05-05T10:09:07.881Z","url":"/search"}
{"level":"info","message":"Response Sent","responseTime":2,"status":200,"timestamp":"2023-05-05T10:09:07.884Z"}
{"level":"info","message":"Request received","method":"GET","timestamp":"2023-05-05T10:10:31.248Z","url":"/get"}
{"level":"info","message":"Response Sent","responseTime":1,"status":304,"timestamp":"2023-05-05T10:10:31.250Z"}
{"level":"info","message":"Request received","method":"POST","timestamp":"2023-05-05T10:10:38.209Z","url":"/search"}
{"level":"info","message":"Response Sent","responseTime":1,"status":200,"timestamp":"2023-05-05T10:10:38.210Z"}
{"level":"info","message":"Request received","method":"POST","timestamp":"2023-05-05T10:10:44.426Z","url":"/search"}
{"level":"info","message":"Response Sent","responseTime":1,"status":200,"timestamp":"2023-05-05T10:10:44.428Z"}
{"level":"info","message":"Request received","method":"GET","timestamp":"2023-05-05T10:12:27.472Z","url":"/get"}
{"level":"info","message":"Response Sent","responseTime":2,"status":304,"timestamp":"2023-05-05T10:12:27.474Z"}
{"level":"info","message":"Request received","method":"GET","timestamp":"2023-05-05T10:12:45.919Z","url":"/get"}
{"level":"info","message":"Response Sent","responseTime":3,"status":304,"timestamp":"2023-05-05T10:12:45.922Z"}
{"level":"info","message":"Request received","method":"POST","timestamp":"2023-05-05T10:12:51.511Z","url":"/search"}
{"level":"info","message":"Response Sent","responseTime":6,"status":200,"timestamp":"2023-05-05T10:12:51.518Z"}
{"level":"info","message":"Request received","method":"POST","timestamp":"2023-05-05T10:12:56.566Z","url":"/search"}
{"level":"info","message":"Response Sent","responseTime":3,"status":200,"timestamp":"2023-05-05T10:12:56.569Z"}
{"level":"info","message":"Request received","method":"POST","timestamp":"2023-05-05T10:12:59.715Z","url":"/search"}
{"level":"info","message":"Response Sent","responseTime":3,"status":200,"timestamp":"2023-05-05T10:12:59.718Z"}
{"level":"info","message":"Request received","method":"GET","timestamp":"2023-05-05T10:15:17.603Z","url":"/get"}
{"level":"info","message":"Response Sent","responseTime":2,"status":304,"timestamp":"2023-05-05T10:15:17.605Z"}
{"level":"info","message":"Request received","method":"POST","timestamp":"2023-05-05T10:15:19.646Z","url":"/search"}
{"level":"info","message":"Response Sent","responseTime":4,"status":200,"timestamp":"2023-05-05T10:15:19.651Z"}
{"level":"info","message":"Request received","method":"GET","timestamp":"2023-05-05T10:15:25.226Z","url":"/get"}
{"level":"info","message":"Response Sent","responseTime":1,"status":304,"timestamp":"2023-05-05T10:15:25.227Z"}
{"level":"info","message":"Request received","method":"POST","timestamp":"2023-05-05T10:15:30.849Z","url":"/search"}
{"level":"info","message":"Response Sent","responseTime":3,"status":200,"timestamp":"2023-05-05T10:15:30.853Z"}
{"level":"info","message":"Request received","method":"GET","timestamp":"2023-05-05T10:15:41.828Z","url":"/get"}
{"level":"info","message":"Response Sent","responseTime":2,"status":304,"timestamp":"2023-05-05T10:15:41.830Z"}
{"level":"info","message":"Request received","method":"GET","timestamp":"2023-05-05T10:15:44.196Z","url":"/get"}
{"level":"info","message":"Response Sent","responseTime":2,"status":304,"timestamp":"2023-05-05T10:15:44.198Z"}
{"level":"info","message":"Request received","method":"POST","timestamp":"2023-05-05T10:15:47.683Z","url":"/search"}
{"level":"info","message":"Response Sent","responseTime":4,"status":200,"timestamp":"2023-05-05T10:15:47.688Z"}
{"level":"info","message":"Request received","method":"POST","timestamp":"2023-05-05T10:15:52.625Z","url":"/search"}
{"level":"info","message":"Response Sent","responseTime":5,"status":200,"timestamp":"2023-05-05T10:15:52.631Z"}
{"level":"info","message":"Request received","method":"GET","timestamp":"2023-05-05T10:16:07.687Z","url":"/get"}
{"level":"info","message":"Response Sent","responseTime":2,"status":304,"timestamp":"2023-05-05T10:16:07.689Z"}
{"level":"info","message":"Request received","method":"POST","timestamp":"2023-05-05T10:16:08.860Z","url":"/search"}
{"level":"info","message":"Response Sent","responseTime":6,"status":200,"timestamp":"2023-05-05T10:16:08.866Z"}
{"level":"info","message":"Request received","method":"GET","timestamp":"2023-05-05T10:16:23.090Z","url":"/get"}
{"level":"info","message":"Response Sent","responseTime":2,"status":304,"timestamp":"2023-05-05T10:16:23.092Z"}
{"level":"info","message":"Request received","method":"POST","timestamp":"2023-05-05T10:16:24.397Z","url":"/search"}
{"level":"info","message":"Response Sent","responseTime":2,"status":200,"timestamp":"2023-05-05T10:16:24.399Z"}
{"level":"info","message":"Request received","method":"GET","timestamp":"2023-05-05T11:26:10.209Z","url":"/get"}
{"level":"info","message":"Response Sent","responseTime":2,"status":304,"timestamp":"2023-05-05T11:26:10.211Z"}
{"level":"info","message":"Request received","method":"GET","timestamp":"2023-05-05T11:26:17.687Z","url":"/get"}
{"level":"info","message":"Response Sent","responseTime":1,"status":304,"timestamp":"2023-05-05T11:26:17.689Z"}
{"level":"info","message":"Request received","method":"GET","timestamp":"2023-05-05T11:27:57.996Z","url":"/get"}
{"level":"info","message":"Response Sent","responseTime":13,"status":304,"timestamp":"2023-05-05T11:27:58.009Z"}
{"level":"info","message":"Request received","method":"GET","timestamp":"2023-05-05T11:28:39.105Z","url":"/get"}
{"level":"info","message":"Response Sent","responseTime":3,"status":304,"timestamp":"2023-05-05T11:28:39.110Z"}
